<?xml version="1.0" encoding="UTF-8"?>
<!-- Generated by org.testng.reporters.JUnitReportReporter -->
<testsuite hostname="DESKTOP-175D9K0" failures="0" tests="1" name="testCases.TC_001_Registration" time="72.556" errors="0" timestamp="2024-06-02T11:20:09 IST" skipped="0">
  <testcase classname="testCases.TC_001_Registration" name="Registration" time="72.556"/>
</testsuite> <!-- testCases.TC_001_Registration -->
